# JRE version: OpenJDK Runtime Environment Temurin-21.0.9+10 (21.0.9+10) (build 21.0.9+10-LTS)
# Java VM: OpenJDK 64-Bit Server VM Temurin-21.0.9+10 (21.0.9+10-LTS, mixed mode, sharing, tiered, compressed oops, compressed class ptrs, parallel gc, windows-amd64)
GC Precious Log:
 CardTable entry size: 512
 CPUs: 12 total, 12 available
 Memory: 7381M
 Large Page Support: Disabled
 NUMA Support: Disabled
 Compressed Oops: Enabled (32-bit)
 Alignments: Space 512K, Generation 512K, Heap 2M
 Heap Min Capacity: 100M
 Heap Initial Capacity: 100M
 Heap Max Capacity: 2G
 Pre-touch: Disabled
 Parallel Workers: 10
Heap:
 PSYoungGen      total 24064K, used 3064K [0x00000000d5580000, 0x00000000d7200000, 0x0000000100000000)
  eden space 20992K, 0% used [0x00000000d5580000,0x00000000d5580000,0x00000000d6a00000)
  from space 3072K, 99% used [0x00000000d6f00000,0x00000000d71fe320,0x00000000d7200000)
  to   space 4096K, 0% used [0x00000000d6b00000,0x00000000d6b00000,0x00000000d6f00000)
 ParOldGen       total 119296K, used 119254K [0x0000000080000000, 0x0000000087480000, 0x00000000d5580000)
  object space 119296K, 99% used [0x0000000080000000,0x0000000087475be0,0x0000000087480000)
 Metaspace       used 65527K, committed 67008K, reserved 1114112K
  class space    used 7142K, committed 7808K, reserved 1048576K
GC Heap History (20 events):
Event: 24.202 GC heap after
{Heap after GC invocations=59 (full 3):
 PSYoungGen      total 13312K, used 2306K [0x00000000d5580000, 0x00000000d6600000, 0x0000000100000000)
  eden space 10752K, 0% used [0x00000000d5580000,0x00000000d5580000,0x00000000d6000000)
  from space 2560K, 90% used [0x00000000d6380000,0x00000000d65c0ac0,0x00000000d6600000)
  to   space 2560K, 0% used [0x00000000d6000000,0x00000000d6000000,0x00000000d6280000)
 ParOldGen       total 95232K, used 95111K [0x0000000080000000, 0x0000000085d00000, 0x00000000d5580000)
  object space 95232K, 99% used [0x0000000080000000,0x0000000085ce1e90,0x0000000085d00000)
 Metaspace       used 62881K, committed 64256K, reserved 1114112K
  class space    used 6814K, committed 7424K, reserved 1048576K
}
Event: 24.262 GC heap before
{Heap before GC invocations=60 (full 3):
 PSYoungGen      total 13312K, used 13058K [0x00000000d5580000, 0x00000000d6600000, 0x0000000100000000)
  eden space 10752K, 100% used [0x00000000d5580000,0x00000000d6000000,0x00000000d6000000)
  from space 2560K, 90% used [0x00000000d6380000,0x00000000d65c0ac0,0x00000000d6600000)
  to   space 2560K, 0% used [0x00000000d6000000,0x00000000d6000000,0x00000000d6280000)
 ParOldGen       total 95232K, used 95111K [0x0000000080000000, 0x0000000085d00000, 0x00000000d5580000)
  object space 95232K, 99% used [0x0000000080000000,0x0000000085ce1e90,0x0000000085d00000)
 Metaspace       used 63412K, committed 64832K, reserved 1114112K
  class space    used 6860K, committed 7488K, reserved 1048576K
}
Event: 24.265 GC heap after
{Heap after GC invocations=60 (full 3):
 PSYoungGen      total 12800K, used 1790K [0x00000000d5580000, 0x00000000d6400000, 0x0000000100000000)
  eden space 10752K, 0% used [0x00000000d5580000,0x00000000d5580000,0x00000000d6000000)
  from space 2048K, 87% used [0x00000000d6000000,0x00000000d61bf9b0,0x00000000d6200000)
  to   space 2048K, 0% used [0x00000000d6200000,0x00000000d6200000,0x00000000d6400000)
 ParOldGen       total 97280K, used 97252K [0x0000000080000000, 0x0000000085f00000, 0x00000000d5580000)
  object space 97280K, 99% used [0x0000000080000000,0x0000000085ef9108,0x0000000085f00000)
 Metaspace       used 63412K, committed 64832K, reserved 1114112K
  class space    used 6860K, committed 7488K, reserved 1048576K
}
Event: 24.329 GC heap before
{Heap before GC invocations=61 (full 3):
 PSYoungGen      total 12800K, used 12542K [0x00000000d5580000, 0x00000000d6400000, 0x0000000100000000)
  eden space 10752K, 100% used [0x00000000d5580000,0x00000000d6000000,0x00000000d6000000)
  from space 2048K, 87% used [0x00000000d6000000,0x00000000d61bf9b0,0x00000000d6200000)
  to   space 2048K, 0% used [0x00000000d6200000,0x00000000d6200000,0x00000000d6400000)
 ParOldGen       total 97280K, used 97252K [0x0000000080000000, 0x0000000085f00000, 0x00000000d5580000)
  object space 97280K, 99% used [0x0000000080000000,0x0000000085ef9108,0x0000000085f00000)
 Metaspace       used 63880K, committed 65280K, reserved 1114112K
  class space    used 6927K, committed 7552K, reserved 1048576K
}
Event: 25.346 GC heap after
{Heap after GC invocations=61 (full 3):
 PSYoungGen      total 12800K, used 1912K [0x00000000d5580000, 0x00000000d6680000, 0x0000000100000000)
  eden space 10752K, 0% used [0x00000000d5580000,0x00000000d5580000,0x00000000d6000000)
  from space 2048K, 93% used [0x00000000d6200000,0x00000000d63de0c8,0x00000000d6400000)
  to   space 2048K, 0% used [0x00000000d6000000,0x00000000d6000000,0x00000000d6200000)
 ParOldGen       total 99328K, used 98845K [0x0000000080000000, 0x0000000086100000, 0x00000000d5580000)
  object space 99328K, 99% used [0x0000000080000000,0x0000000086087748,0x0000000086100000)
 Metaspace       used 63880K, committed 65280K, reserved 1114112K
  class space    used 6927K, committed 7552K, reserved 1048576K
}
Event: 25.431 GC heap before
{Heap before GC invocations=62 (full 3):
 PSYoungGen      total 12800K, used 12664K [0x00000000d5580000, 0x00000000d6680000, 0x0000000100000000)
  eden space 10752K, 100% used [0x00000000d5580000,0x00000000d6000000,0x00000000d6000000)
  from space 2048K, 93% used [0x00000000d6200000,0x00000000d63de0c8,0x00000000d6400000)
  to   space 2048K, 0% used [0x00000000d6000000,0x00000000d6000000,0x00000000d6200000)
 ParOldGen       total 99328K, used 98845K [0x0000000080000000, 0x0000000086100000, 0x00000000d5580000)
  object space 99328K, 99% used [0x0000000080000000,0x0000000086087748,0x0000000086100000)
 Metaspace       used 63887K, committed 65344K, reserved 1114112K
  class space    used 6928K, committed 7552K, reserved 1048576K
}
Event: 27.439 GC heap after
{Heap after GC invocations=62 (full 3):
 PSYoungGen      total 12800K, used 2046K [0x00000000d5580000, 0x00000000d6c80000, 0x0000000100000000)
  eden space 10752K, 0% used [0x00000000d5580000,0x00000000d5580000,0x00000000d6000000)
  from space 2048K, 99% used [0x00000000d6000000,0x00000000d61ff898,0x00000000d6200000)
  to   space 5120K, 0% used [0x00000000d6780000,0x00000000d6780000,0x00000000d6c80000)
 ParOldGen       total 101376K, used 101104K [0x0000000080000000, 0x0000000086300000, 0x00000000d5580000)
  object space 101376K, 99% used [0x0000000080000000,0x00000000862bc398,0x0000000086300000)
 Metaspace       used 63887K, committed 65344K, reserved 1114112K
  class space    used 6928K, committed 7552K, reserved 1048576K
}
Event: 27.535 GC heap before
{Heap before GC invocations=63 (full 3):
 PSYoungGen      total 12800K, used 12798K [0x00000000d5580000, 0x00000000d6c80000, 0x0000000100000000)
  eden space 10752K, 100% used [0x00000000d5580000,0x00000000d6000000,0x00000000d6000000)
  from space 2048K, 99% used [0x00000000d6000000,0x00000000d61ff898,0x00000000d6200000)
  to   space 5120K, 0% used [0x00000000d6780000,0x00000000d6780000,0x00000000d6c80000)
 ParOldGen       total 101376K, used 101104K [0x0000000080000000, 0x0000000086300000, 0x00000000d5580000)
  object space 101376K, 99% used [0x0000000080000000,0x00000000862bc398,0x0000000086300000)
 Metaspace       used 64263K, committed 65664K, reserved 1114112K
  class space    used 6969K, committed 7552K, reserved 1048576K
}
Event: 27.538 GC heap after
{Heap after GC invocations=63 (full 3):
 PSYoungGen      total 15360K, used 1999K [0x00000000d5580000, 0x00000000d6980000, 0x0000000100000000)
  eden space 13312K, 0% used [0x00000000d5580000,0x00000000d5580000,0x00000000d6280000)
  from space 2048K, 97% used [0x00000000d6780000,0x00000000d6973fc0,0x00000000d6980000)
  to   space 3072K, 0% used [0x00000000d6380000,0x00000000d6380000,0x00000000d6680000)
 ParOldGen       total 103424K, used 103014K [0x0000000080000000, 0x0000000086500000, 0x00000000d5580000)
  object space 103424K, 99% used [0x0000000080000000,0x0000000086499a20,0x0000000086500000)
 Metaspace       used 64263K, committed 65664K, reserved 1114112K
  class space    used 6969K, committed 7552K, reserved 1048576K
}
Event: 27.639 GC heap before
{Heap before GC invocations=64 (full 3):
 PSYoungGen      total 15360K, used 15311K [0x00000000d5580000, 0x00000000d6980000, 0x0000000100000000)
  eden space 13312K, 100% used [0x00000000d5580000,0x00000000d6280000,0x00000000d6280000)
  from space 2048K, 97% used [0x00000000d6780000,0x00000000d6973fc0,0x00000000d6980000)
  to   space 3072K, 0% used [0x00000000d6380000,0x00000000d6380000,0x00000000d6680000)
 ParOldGen       total 103424K, used 103014K [0x0000000080000000, 0x0000000086500000, 0x00000000d5580000)
  object space 103424K, 99% used [0x0000000080000000,0x0000000086499a20,0x0000000086500000)
 Metaspace       used 64430K, committed 65856K, reserved 1114112K
  class space    used 6986K, committed 7616K, reserved 1048576K
}
Event: 28.643 GC heap after
{Heap after GC invocations=64 (full 3):
 PSYoungGen      total 17408K, used 2790K [0x00000000d5580000, 0x00000000d6b80000, 0x0000000100000000)
  eden space 14336K, 0% used [0x00000000d5580000,0x00000000d5580000,0x00000000d6380000)
  from space 3072K, 90% used [0x00000000d6380000,0x00000000d6639a30,0x00000000d6680000)
  to   space 3072K, 0% used [0x00000000d6880000,0x00000000d6880000,0x00000000d6b80000)
 ParOldGen       total 104960K, used 104860K [0x0000000080000000, 0x0000000086680000, 0x00000000d5580000)
  object space 104960K, 99% used [0x0000000080000000,0x0000000086667150,0x0000000086680000)
 Metaspace       used 64430K, committed 65856K, reserved 1114112K
  class space    used 6986K, committed 7616K, reserved 1048576K
}
Event: 28.967 GC heap before
{Heap before GC invocations=65 (full 3):
 PSYoungGen      total 17408K, used 17126K [0x00000000d5580000, 0x00000000d6b80000, 0x0000000100000000)
  eden space 14336K, 100% used [0x00000000d5580000,0x00000000d6380000,0x00000000d6380000)
  from space 3072K, 90% used [0x00000000d6380000,0x00000000d6639a30,0x00000000d6680000)
  to   space 3072K, 0% used [0x00000000d6880000,0x00000000d6880000,0x00000000d6b80000)
 ParOldGen       total 104960K, used 104860K [0x0000000080000000, 0x0000000086680000, 0x00000000d5580000)
  object space 104960K, 99% used [0x0000000080000000,0x0000000086667150,0x0000000086680000)
 Metaspace       used 64807K, committed 66240K, reserved 1114112K
  class space    used 7048K, committed 7680K, reserved 1048576K
}
Event: 28.970 GC heap after
{Heap after GC invocations=65 (full 3):
 PSYoungGen      total 19968K, used 2043K [0x00000000d5580000, 0x00000000d6c00000, 0x0000000100000000)
  eden space 16896K, 0% used [0x00000000d5580000,0x00000000d5580000,0x00000000d6600000)
  from space 3072K, 66% used [0x00000000d6880000,0x00000000d6a7eef8,0x00000000d6b80000)
  to   space 2560K, 0% used [0x00000000d6600000,0x00000000d6600000,0x00000000d6880000)
 ParOldGen       total 107520K, used 107401K [0x0000000080000000, 0x0000000086900000, 0x00000000d5580000)
  object space 107520K, 99% used [0x0000000080000000,0x00000000868e25f0,0x0000000086900000)
 Metaspace       used 64807K, committed 66240K, reserved 1114112K
  class space    used 7048K, committed 7680K, reserved 1048576K
}
Event: 29.109 GC heap before
{Heap before GC invocations=66 (full 3):
 PSYoungGen      total 19968K, used 18939K [0x00000000d5580000, 0x00000000d6c00000, 0x0000000100000000)
  eden space 16896K, 100% used [0x00000000d5580000,0x00000000d6600000,0x00000000d6600000)
  from space 3072K, 66% used [0x00000000d6880000,0x00000000d6a7eef8,0x00000000d6b80000)
  to   space 2560K, 0% used [0x00000000d6600000,0x00000000d6600000,0x00000000d6880000)
 ParOldGen       total 107520K, used 107401K [0x0000000080000000, 0x0000000086900000, 0x00000000d5580000)
  object space 107520K, 99% used [0x0000000080000000,0x00000000868e25f0,0x0000000086900000)
 Metaspace       used 64901K, committed 66304K, reserved 1114112K
  class space    used 7077K, committed 7680K, reserved 1048576K
}
Event: 29.113 GC heap after
{Heap after GC invocations=66 (full 3):
 PSYoungGen      total 19456K, used 2557K [0x00000000d5580000, 0x00000000d7500000, 0x0000000100000000)
  eden space 16896K, 0% used [0x00000000d5580000,0x00000000d5580000,0x00000000d6600000)
  from space 2560K, 99% used [0x00000000d6600000,0x00000000d687f700,0x00000000d6880000)
  to   space 5632K, 0% used [0x00000000d6f80000,0x00000000d6f80000,0x00000000d7500000)
 ParOldGen       total 110080K, used 109735K [0x0000000080000000, 0x0000000086b80000, 0x00000000d5580000)
  object space 110080K, 99% used [0x0000000080000000,0x0000000086b29fc0,0x0000000086b80000)
 Metaspace       used 64901K, committed 66304K, reserved 1114112K
  class space    used 7077K, committed 7680K, reserved 1048576K
}
Event: 29.251 GC heap before
{Heap before GC invocations=67 (full 3):
 PSYoungGen      total 19456K, used 19453K [0x00000000d5580000, 0x00000000d7500000, 0x0000000100000000)
  eden space 16896K, 100% used [0x00000000d5580000,0x00000000d6600000,0x00000000d6600000)
  from space 2560K, 99% used [0x00000000d6600000,0x00000000d687f700,0x00000000d6880000)
  to   space 5632K, 0% used [0x00000000d6f80000,0x00000000d6f80000,0x00000000d7500000)
 ParOldGen       total 110080K, used 109735K [0x0000000080000000, 0x0000000086b80000, 0x00000000d5580000)
  object space 110080K, 99% used [0x0000000080000000,0x0000000086b29fc0,0x0000000086b80000)
 Metaspace       used 65055K, committed 66496K, reserved 1114112K
  class space    used 7094K, committed 7744K, reserved 1048576K
}
Event: 29.254 GC heap after
{Heap after GC invocations=67 (full 3):
 PSYoungGen      total 24576K, used 3148K [0x00000000d5580000, 0x00000000d7300000, 0x0000000100000000)
  eden space 20992K, 0% used [0x00000000d5580000,0x00000000d5580000,0x00000000d6a00000)
  from space 3584K, 87% used [0x00000000d6f80000,0x00000000d7293240,0x00000000d7300000)
  to   space 4096K, 0% used [0x00000000d6b00000,0x00000000d6b00000,0x00000000d6f00000)
 ParOldGen       total 112640K, used 112212K [0x0000000080000000, 0x0000000086e00000, 0x00000000d5580000)
  object space 112640K, 99% used [0x0000000080000000,0x0000000086d952a0,0x0000000086e00000)
 Metaspace       used 65055K, committed 66496K, reserved 1114112K
  class space    used 7094K, committed 7744K, reserved 1048576K
}
Event: 29.415 GC heap before
{Heap before GC invocations=68 (full 3):
 PSYoungGen      total 24576K, used 24140K [0x00000000d5580000, 0x00000000d7300000, 0x0000000100000000)
  eden space 20992K, 100% used [0x00000000d5580000,0x00000000d6a00000,0x00000000d6a00000)
  from space 3584K, 87% used [0x00000000d6f80000,0x00000000d7293240,0x00000000d7300000)
  to   space 4096K, 0% used [0x00000000d6b00000,0x00000000d6b00000,0x00000000d6f00000)
 ParOldGen       total 112640K, used 112212K [0x0000000080000000, 0x0000000086e00000, 0x00000000d5580000)
  object space 112640K, 99% used [0x0000000080000000,0x0000000086d952a0,0x0000000086e00000)
 Metaspace       used 65349K, committed 66752K, reserved 1114112K
  class space    used 7114K, committed 7744K, reserved 1048576K
}
Event: 29.420 GC heap after
{Heap after GC invocations=68 (full 3):
 PSYoungGen      total 25088K, used 3685K [0x00000000d5580000, 0x00000000d7200000, 0x0000000100000000)
  eden space 20992K, 0% used [0x00000000d5580000,0x00000000d5580000,0x00000000d6a00000)
  from space 4096K, 89% used [0x00000000d6b00000,0x00000000d6e99728,0x00000000d6f00000)
  to   space 3072K, 0% used [0x00000000d6f00000,0x00000000d6f00000,0x00000000d7200000)
 ParOldGen       total 115200K, used 115148K [0x0000000080000000, 0x0000000087080000, 0x00000000d5580000)
  object space 115200K, 99% used [0x0000000080000000,0x0000000087073110,0x0000000087080000)
 Metaspace       used 65349K, committed 66752K, reserved 1114112K
  class space    used 7114K, committed 7744K, reserved 1048576K
}
Event: 29.552 GC heap before
{Heap before GC invocations=69 (full 3):
 PSYoungGen      total 25088K, used 24677K [0x00000000d5580000, 0x00000000d7200000, 0x0000000100000000)
  eden space 20992K, 100% used [0x00000000d5580000,0x00000000d6a00000,0x00000000d6a00000)
  from space 4096K, 89% used [0x00000000d6b00000,0x00000000d6e99728,0x00000000d6f00000)
  to   space 3072K, 0% used [0x00000000d6f00000,0x00000000d6f00000,0x00000000d7200000)
 ParOldGen       total 115200K, used 115148K [0x0000000080000000, 0x0000000087080000, 0x00000000d5580000)
  object space 115200K, 99% used [0x0000000080000000,0x0000000087073110,0x0000000087080000)
 Metaspace       used 65527K, committed 67008K, reserved 1114112K
  class space    used 7142K, committed 7808K, reserved 1048576K
}

